<?xml version="1.0" encoding="UTF-8"?>
<testng-results skipped="0" failed="1" ignored="0" total="1" passed="0">
  <reporter-output>
    <line>
      <![CDATA[App Installed Successfully.]]>
    </line>
  </reporter-output>
  <suite name="Default suite" duration-ms="30987" started-at="2020-01-22T12:36:38 IST" finished-at="2020-01-22T12:37:09 IST">
    <groups>
    </groups>
    <test name="Default test" duration-ms="30987" started-at="2020-01-22T12:36:38 IST" finished-at="2020-01-22T12:37:09 IST">
      <class name="TestCases.AmazonTest">
        <test-method status="PASS" signature="startDriver()[pri:0, instance:TestCases.AmazonTest@6325f352]" name="startDriver" is-config="true" duration-ms="4765" started-at="2020-01-22T12:36:33 IST" finished-at="2020-01-22T12:36:38 IST">
          <reporter-output>
          </reporter-output>
        </test-method> <!-- startDriver -->
        <test-method status="PASS" signature="launchAppilication()[pri:0, instance:TestCases.AmazonTest@6325f352]" name="launchAppilication" is-config="true" duration-ms="30732" started-at="2020-01-22T12:36:38 IST" finished-at="2020-01-22T12:37:09 IST">
          <reporter-output>
            <line>
              <![CDATA[App Installed Successfully.]]>
            </line>
          </reporter-output>
        </test-method> <!-- launchAppilication -->
        <test-method status="FAIL" signature="testSearchAndCompare()[pri:0, instance:TestCases.AmazonTest@6325f352]" name="testSearchAndCompare" duration-ms="48" started-at="2020-01-22T12:37:09 IST" finished-at="2020-01-22T12:37:09 IST">
          <exception class="java.lang.NullPointerException">
            <full-stacktrace>
              <![CDATA[java.lang.NullPointerException
at org.openqa.selenium.support.ui.ExpectedConditions.elementIfVisible(ExpectedConditions.java:314)
at org.openqa.selenium.support.ui.ExpectedConditions.access$000(ExpectedConditions.java:43)
at org.openqa.selenium.support.ui.ExpectedConditions$10.apply(ExpectedConditions.java:300)
at org.openqa.selenium.support.ui.ExpectedConditions$10.apply(ExpectedConditions.java:297)
at org.openqa.selenium.support.ui.FluentWait.until(FluentWait.java:249)
at Pages.SignInPage.waitForPageToLoad(SignInPage.java:36)
at Pages.SignInPage.verifySignInPageDisplayed(SignInPage.java:49)
at TestCases.AmazonTest.testSearchAndCompare(AmazonTest.java:20)
at sun.reflect.NativeMethodAccessorImpl.invoke0(Native Method)
at sun.reflect.NativeMethodAccessorImpl.invoke(Unknown Source)
at sun.reflect.DelegatingMethodAccessorImpl.invoke(Unknown Source)
at java.lang.reflect.Method.invoke(Unknown Source)
at org.testng.internal.MethodInvocationHelper.invokeMethod(MethodInvocationHelper.java:133)
at org.testng.internal.TestInvoker.invokeMethod(TestInvoker.java:584)
at org.testng.internal.TestInvoker.invokeTestMethod(TestInvoker.java:172)
at org.testng.internal.MethodRunner.runInSequence(MethodRunner.java:46)
at org.testng.internal.TestInvoker$MethodInvocationAgent.invoke(TestInvoker.java:804)
at org.testng.internal.TestInvoker.invokeTestMethods(TestInvoker.java:145)
at org.testng.internal.TestMethodWorker.invokeTestMethods(TestMethodWorker.java:146)
at org.testng.internal.TestMethodWorker.run(TestMethodWorker.java:128)
at java.util.ArrayList.forEach(Unknown Source)
at org.testng.TestRunner.privateRun(TestRunner.java:770)
at org.testng.TestRunner.run(TestRunner.java:591)
at org.testng.SuiteRunner.runTest(SuiteRunner.java:402)
at org.testng.SuiteRunner.runSequentially(SuiteRunner.java:396)
at org.testng.SuiteRunner.privateRun(SuiteRunner.java:355)
at org.testng.SuiteRunner.run(SuiteRunner.java:304)
at org.testng.SuiteRunnerWorker.runSuite(SuiteRunnerWorker.java:53)
at org.testng.SuiteRunnerWorker.run(SuiteRunnerWorker.java:96)
at org.testng.TestNG.runSuitesSequentially(TestNG.java:1180)
at org.testng.TestNG.runSuitesLocally(TestNG.java:1102)
at org.testng.TestNG.runSuites(TestNG.java:1032)
at org.testng.TestNG.run(TestNG.java:1000)
at org.testng.remote.AbstractRemoteTestNG.run(AbstractRemoteTestNG.java:115)
at org.testng.remote.RemoteTestNG.initAndRun(RemoteTestNG.java:251)
at org.testng.remote.RemoteTestNG.main(RemoteTestNG.java:77)
]]>
            </full-stacktrace>
          </exception> <!-- java.lang.NullPointerException -->
          <reporter-output>
          </reporter-output>
        </test-method> <!-- testSearchAndCompare -->
      </class> <!-- TestCases.AmazonTest -->
    </test> <!-- Default test -->
  </suite> <!-- Default suite -->
</testng-results>
